<?xml version="1.0" encoding="UTF-8"?>
<!-- Generated by org.testng.reporters.JUnitXMLReporter -->
<testsuite ignored="0" hostname="DESKTOP-JFALR25" failures="1" tests="2" name="ChromeTest" time="79.956" errors="0" timestamp="2022-09-27T23:03:28 IST">
  <testcase classname="starhealthTest.StarhealthTest" name="buttoncheck1" time="0.911"/>
  <testcase classname="starhealthTest.StarhealthTest" name="chechbox" time="0.005">
    <failure type="java.lang.AssertionError" message="The following asserts failed:
	expected [false] but found [true]">
      <![CDATA[java.lang.AssertionError: The following asserts failed:
expected [false] but found [true]
at starhealthTest.StarhealthTest.chechbox(StarhealthTest.java:118)
at java.base/java.util.ArrayList.forEach(ArrayList.java:1511)
at java.base/java.util.concurrent.FutureTask.run(FutureTask.java:264)
at java.base/java.util.concurrent.ThreadPoolExecutor.runWorker(ThreadPoolExecutor.java:1136)
at java.base/java.util.concurrent.ThreadPoolExecutor$Worker.run(ThreadPoolExecutor.java:635)
at java.base/java.lang.Thread.run(Thread.java:833)
... Removed 18 stack frames]]>
    </failure>
  </testcase> <!-- chechbox -->
</testsuite> <!-- ChromeTest -->
