<?xml version="1.0" encoding="UTF-8"?>
<!-- Generated by org.testng.reporters.JUnitXMLReporter -->
<testsuite ignored="0" hostname="DESKTOP-JFALR25" failures="0" tests="1" name="FirefoxTest" time="0.107" errors="0" timestamp="2022-09-22T18:33:30 IST">
  <testcase classname="starhealthTest.StarhealthTest" name="@BeforeTest openbrowser" time="-1.663851810789E9">
    <failure type="org.testng.TestNGException" message="
Parameter &amp;apos;browser&amp;apos; is required by BeforeTest on method openbrowser but has not been marked @Optional or defined
in C:\Users\Abhijeet Yadav\eclipse-workspace\MavenProject2\starhealth.xml">
      <![CDATA[org.testng.TestNGException: 
Parameter 'browser' is required by BeforeTest on method openbrowser but has not been marked @Optional or defined
in C:\Users\Abhijeet Yadav\eclipse-workspace\MavenProject2\starhealth.xml
at java.base/java.util.concurrent.FutureTask.run(FutureTask.java:264)
at java.base/java.util.concurrent.ThreadPoolExecutor.runWorker(ThreadPoolExecutor.java:1136)
at java.base/java.util.concurrent.ThreadPoolExecutor$Worker.run(ThreadPoolExecutor.java:635)
at java.base/java.lang.Thread.run(Thread.java:833)
... Removed 12 stack frames]]>
    </failure>
  </testcase> <!-- @BeforeTest openbrowser -->
  <testcase classname="starhealthTest.StarhealthTest" name="@BeforeClass objectsofPom" time="-1.66385181084E9">
    <skipped/>
  </testcase> <!-- @BeforeClass objectsofPom -->
  <testcase classname="starhealthTest.StarhealthTest" name="@BeforeMethod callmethod" time="-1.663851810866E9">
    <skipped/>
  </testcase> <!-- @BeforeMethod callmethod -->
  <testcase classname="starhealthTest.StarhealthTest" name="@AfterMethod aftermethod" time="-1.663851810877E9">
    <skipped/>
  </testcase> <!-- @AfterMethod aftermethod -->
  <testcase classname="starhealthTest.StarhealthTest" name="@AfterTest afterTest" time="-1.663851810882E9">
    <skipped/>
  </testcase> <!-- @AfterTest afterTest -->
  <testcase classname="starhealthTest.StarhealthTest" name="test" time="0.0">
    <skipped/>
  </testcase> <!-- test -->
</testsuite> <!-- FirefoxTest -->
