<?xml version="1.0" encoding="UTF-8"?>
<!-- Generated by org.testng.reporters.JUnitXMLReporter -->
<testsuite ignored="0" hostname="DESKTOP-JFALR25" failures="0" tests="2" name="Default test" time="0.11" errors="0" timestamp="2022-09-27T23:02:02 IST">
  <testcase classname="starhealthTest.StarhealthTest" name="@BeforeTest openbrowser" time="-1.664299922218E9">
    <failure type="org.testng.TestNGException" message="
Parameter &amp;apos;browser&amp;apos; is required by BeforeTest on method openbrowser but has not been marked @Optional or defined
in C:\Users\Abhijeet Yadav\AppData\Local\Temp\testng-eclipse--1650175298\testng-customsuite.xml">
      <![CDATA[org.testng.TestNGException: 
Parameter 'browser' is required by BeforeTest on method openbrowser but has not been marked @Optional or defined
in C:\Users\Abhijeet Yadav\AppData\Local\Temp\testng-eclipse--1650175298\testng-customsuite.xml
at org.testng.internal.Parameters.createParams(Parameters.java:268)
at org.testng.internal.Parameters.createParametersForMethod(Parameters.java:356)
at org.testng.internal.Parameters.createParameters(Parameters.java:700)
at org.testng.internal.Parameters.createConfigurationParameters(Parameters.java:166)
at org.testng.internal.ConfigInvoker.invokeConfigurations(ConfigInvoker.java:301)
at org.testng.TestRunner.invokeTestConfigurations(TestRunner.java:617)
at org.testng.TestRunner.beforeRun(TestRunner.java:607)
at org.testng.TestRunner.run(TestRunner.java:578)
at org.testng.SuiteRunner.runTest(SuiteRunner.java:384)
at org.testng.SuiteRunner.runSequentially(SuiteRunner.java:378)
at org.testng.SuiteRunner.privateRun(SuiteRunner.java:337)
at org.testng.SuiteRunner.run(SuiteRunner.java:286)
at org.testng.SuiteRunnerWorker.runSuite(SuiteRunnerWorker.java:53)
at org.testng.SuiteRunnerWorker.run(SuiteRunnerWorker.java:96)
at org.testng.TestNG.runSuitesSequentially(TestNG.java:1218)
at org.testng.TestNG.runSuitesLocally(TestNG.java:1140)
at org.testng.TestNG.runSuites(TestNG.java:1069)
at org.testng.TestNG.run(TestNG.java:1037)
at org.testng.remote.AbstractRemoteTestNG.run(AbstractRemoteTestNG.java:115)
at org.testng.remote.RemoteTestNG.initAndRun(RemoteTestNG.java:251)
at org.testng.remote.RemoteTestNG.main(RemoteTestNG.java:77)
]]>
    </failure>
  </testcase> <!-- @BeforeTest openbrowser -->
  <testcase classname="starhealthTest.StarhealthTest" name="@BeforeClass objectsofPom" time="-1.664299922269E9">
    <skipped/>
  </testcase> <!-- @BeforeClass objectsofPom -->
  <testcase classname="starhealthTest.StarhealthTest" name="@BeforeMethod callmethod" time="-1.664299922295E9">
    <skipped/>
  </testcase> <!-- @BeforeMethod callmethod -->
  <testcase classname="starhealthTest.StarhealthTest" name="@AfterMethod aftermethod" time="-1.664299922304E9">
    <skipped/>
  </testcase> <!-- @AfterMethod aftermethod -->
  <testcase classname="starhealthTest.StarhealthTest" name="@BeforeMethod callmethod" time="-1.664299922307E9">
    <skipped/>
  </testcase> <!-- @BeforeMethod callmethod -->
  <testcase classname="starhealthTest.StarhealthTest" name="@AfterMethod aftermethod" time="-1.664299922312E9">
    <skipped/>
  </testcase> <!-- @AfterMethod aftermethod -->
  <testcase classname="starhealthTest.StarhealthTest" name="@AfterTest afterTest" time="-1.664299922317E9">
    <skipped/>
  </testcase> <!-- @AfterTest afterTest -->
  <testcase classname="starhealthTest.StarhealthTest" name="buttoncheck1" time="0.0">
    <skipped/>
  </testcase> <!-- buttoncheck1 -->
  <testcase classname="starhealthTest.StarhealthTest" name="chechbox" time="0.0">
    <skipped/>
  </testcase> <!-- chechbox -->
</testsuite> <!-- Default test -->
